======= Loading personnel data =======
Added 2509 persons to the person manager.

Removed 100 persons from the person manager.

======= Exercising lookups ===========
Showing the first 10 records.

ID: MC0096EC9825Z7FTN
First Name: Elena
Last Name: Marino

ID: MC0011H5982H1PGPL
First Name: Kai
Last Name: Spring

ID: MC00WQI982HWRIDWP
First Name: Cael
Last Name: Brumfield

ID: MC00XYCX0982DEZ9E
First Name: Kensley
Last Name: Hoy

ID: MC00EH8982YV4X1AI
First Name: Adrianna
Last Name: Chavarria

ID: MC00PI929821DK0KE
First Name: Edith
Last Name: Justus

ID: MC00ONO982NKYNQ7D
First Name: Theodore
Last Name: Hadley

ID: MC00F69X3982EUDK9
First Name: Remy
Last Name: Mitchell

ID: MC00UZO89821FYA0F
First Name: Mohammed
Last Name: Ragsdale

ID: MC00IHS0J982HV8RJ
First Name: Temperance
Last Name: Grey

