======= Loading personnel data =======
Added 247 persons to the person manager.

Removed 10 persons from the person manager.

======= Exercising lookups ===========
Showing the first 10 records.

ID: MC002UT9823CMLXJX
First Name: Avery
Last Name: Snow

ID: MC00JG3X982YPM9RS
First Name: Gideon
Last Name: Benitez

ID: MC005HL9825K4UV8L
First Name: Stefan
Last Name: Buckingham

ID: MC000TJJ982C1FKYP
First Name: Sabrina
Last Name: Hook

ID: MC00QRT1982Q9GYNN
First Name: Brayden
Last Name: Bowling

ID: MC005N29823M2EAMM
First Name: Carly
Last Name: Wolford

ID: MC00236R9982U8Y2Y
First Name: Carmelo
Last Name: Grace

ID: MC000WB982QTSF38E
First Name: Edison
Last Name: Champagne

ID: MC00VWLX982SGC8BM
First Name: Beau
Last Name: Conger

ID: MC00ABLO982FIPZYR
First Name: Maurice
Last Name: Peters

